2024-07-04T17:07:48.791+05:30  INFO 3536 --- [restartedMain] com.sample.AopExample                    : Starting AopExample using Java 17.0.11 with PID 3536 (/Users/narayananv/Documents/java/aop-sample/build/classes/java/main started by narayananv in /Users/narayananv/Documents/java/aop-sample)
2024-07-04T17:07:48.794+05:30  INFO 3536 --- [restartedMain] com.sample.AopExample                    : No active profile set, falling back to 1 default profile: "default"
2024-07-04T17:07:48.813+05:30  INFO 3536 --- [restartedMain] .e.DevToolsPropertyDefaultsPostProcessor : Devtools property defaults active! Set 'spring.devtools.add-properties' to 'false' to disable
2024-07-04T17:07:48.813+05:30  INFO 3536 --- [restartedMain] .e.DevToolsPropertyDefaultsPostProcessor : For additional web related logging consider setting the 'logging.level.web' property to 'DEBUG'
2024-07-04T17:07:49.229+05:30  INFO 3536 --- [restartedMain] o.s.b.w.embedded.tomcat.TomcatWebServer  : Tomcat initialized with port 3005 (http)
2024-07-04T17:07:49.233+05:30  INFO 3536 --- [restartedMain] o.apache.catalina.core.StandardService   : Starting service [Tomcat]
2024-07-04T17:07:49.233+05:30  INFO 3536 --- [restartedMain] o.apache.catalina.core.StandardEngine    : Starting Servlet engine: [Apache Tomcat/10.1.18]
2024-07-04T17:07:49.247+05:30  INFO 3536 --- [restartedMain] o.a.c.c.C.[Tomcat].[localhost].[/]       : Initializing Spring embedded WebApplicationContext
2024-07-04T17:07:49.248+05:30  INFO 3536 --- [restartedMain] w.s.c.ServletWebServerApplicationContext : Root WebApplicationContext: initialization completed in 434 ms
2024-07-04T17:07:49.466+05:30  INFO 3536 --- [restartedMain] o.s.b.d.a.OptionalLiveReloadServer       : LiveReload server is running on port 35729
2024-07-04T17:07:49.478+05:30  INFO 3536 --- [restartedMain] o.s.b.w.embedded.tomcat.TomcatWebServer  : Tomcat started on port 3005 (http) with context path ''
2024-07-04T17:07:49.483+05:30  INFO 3536 --- [restartedMain] com.sample.AopExample                    : Started AopExample in 0.836 seconds (process running for 0.981)
2024-07-04T18:28:03.420+05:30  INFO 3816 --- [restartedMain] com.sample.AopExample                    : Starting AopExample using Java 17.0.11 with PID 3816 (/Users/narayananv/Documents/java/aop-sample/build/classes/java/main started by narayananv in /Users/narayananv/Documents/java/aop-sample)
2024-07-04T18:28:03.421+05:30  INFO 3816 --- [restartedMain] com.sample.AopExample                    : No active profile set, falling back to 1 default profile: "default"
2024-07-04T18:28:03.440+05:30  INFO 3816 --- [restartedMain] .e.DevToolsPropertyDefaultsPostProcessor : Devtools property defaults active! Set 'spring.devtools.add-properties' to 'false' to disable
2024-07-04T18:28:03.440+05:30  INFO 3816 --- [restartedMain] .e.DevToolsPropertyDefaultsPostProcessor : For additional web related logging consider setting the 'logging.level.web' property to 'DEBUG'
2024-07-04T18:28:03.874+05:30  INFO 3816 --- [restartedMain] o.s.b.w.embedded.tomcat.TomcatWebServer  : Tomcat initialized with port 3005 (http)
2024-07-04T18:28:03.879+05:30  INFO 3816 --- [restartedMain] o.apache.catalina.core.StandardService   : Starting service [Tomcat]
2024-07-04T18:28:03.879+05:30  INFO 3816 --- [restartedMain] o.apache.catalina.core.StandardEngine    : Starting Servlet engine: [Apache Tomcat/10.1.18]
2024-07-04T18:28:03.895+05:30  INFO 3816 --- [restartedMain] o.a.c.c.C.[Tomcat].[localhost].[/]       : Initializing Spring embedded WebApplicationContext
2024-07-04T18:28:03.895+05:30  INFO 3816 --- [restartedMain] w.s.c.ServletWebServerApplicationContext : Root WebApplicationContext: initialization completed in 454 ms
2024-07-04T18:28:04.122+05:30  INFO 3816 --- [restartedMain] o.s.b.d.a.OptionalLiveReloadServer       : LiveReload server is running on port 35729
2024-07-04T18:28:04.134+05:30  INFO 3816 --- [restartedMain] o.s.b.w.embedded.tomcat.TomcatWebServer  : Tomcat started on port 3005 (http) with context path ''
2024-07-04T18:28:04.139+05:30  INFO 3816 --- [restartedMain] com.sample.AopExample                    : Started AopExample in 0.872 seconds (process running for 1.027)
